<?xml version="1.0" encoding="UTF-8"?>
<!-- Generated by org.testng.reporters.JUnitReportReporter -->
<testsuite skipped="0" hostname="PUNE-JEEVANK-DT" name="com.agriville.qa.testcases.AddEditDeleteReplyTest" tests="1" failures="0" timestamp="2019-10-22T15:38:39 IST" time="97.486" errors="0">
  <testcase name="vrifyDeleteReply" time="97.486" classname="com.agriville.qa.testcases.AddEditDeleteReplyTest"/>
</testsuite> <!-- com.agriville.qa.testcases.AddEditDeleteReplyTest -->
