<?xml version="1.0" encoding="UTF-8"?>
<!-- Generated by org.testng.reporters.JUnitReportReporter -->
<testsuite skipped="0" hostname="PUNE-JEEVANK-DT" name="com.agriville.qa.testcases.AddEditDeleteReplyTest" tests="1" failures="0" timestamp="2019-11-26T17:52:08 IST" time="46.607" errors="0">
  <testcase name="verifyDeleteThread" time="46.607" classname="com.agriville.qa.testcases.AddEditDeleteReplyTest"/>
</testsuite> <!-- com.agriville.qa.testcases.AddEditDeleteReplyTest -->
