<?xml version="1.0" encoding="UTF-8"?>
<!-- Generated by org.testng.reporters.JUnitReportReporter -->
<testsuite skipped="0" hostname="PUNE-JEEVANK-DT" name="com.agriville.qa.testcases.updateProfileAndPwdTest" tests="1" failures="0" timestamp="2019-11-19T16:23:20 IST" time="45.486" errors="0">
  <testcase name="verifyUpdatePwd" time="45.486" classname="com.agriville.qa.testcases.updateProfileAndPwdTest"/>
</testsuite> <!-- com.agriville.qa.testcases.updateProfileAndPwdTest -->
