<?xml version="1.0" encoding="UTF-8"?>
<!-- Generated by org.testng.reporters.JUnitReportReporter -->
<testsuite skipped="0" hostname="PUNE-JEEVANK-DT" name="com.agriville.qa.testcases.topicDetailsTest" tests="1" failures="0" timestamp="2019-09-25T18:56:47 IST" time="46.421" errors="0">
  <testcase name="verifyUNThreadDetails_View" time="46.421" classname="com.agriville.qa.testcases.topicDetailsTest"/>
</testsuite> <!-- com.agriville.qa.testcases.topicDetailsTest -->
