<?xml version="1.0" encoding="UTF-8"?>
<!-- Generated by org.testng.reporters.JUnitReportReporter -->
<testsuite skipped="0" hostname="PUNE-JEEVANK-DT" name="com.agriville.qa.testcases.searchTopicDetailsTest" tests="1" failures="0" timestamp="2019-09-24T18:11:45 IST" time="206.244" errors="0">
  <testcase name="verifyPostMessageView_ActiveAcc" time="206.244" classname="com.agriville.qa.testcases.searchTopicDetailsTest"/>
</testsuite> <!-- com.agriville.qa.testcases.searchTopicDetailsTest -->
