<?xml version="1.0" encoding="UTF-8"?>
<!-- Generated by org.testng.reporters.JUnitReportReporter -->
<testsuite skipped="0" hostname="PUNE-JEEVANK-DT" name="com.agriville.qa.testcases.LatestPostTest" tests="1" failures="0" timestamp="2019-10-22T18:57:49 IST" time="80.623" errors="0">
  <testcase name="verifyLatestPostWithNoData" time="80.623" classname="com.agriville.qa.testcases.LatestPostTest"/>
</testsuite> <!-- com.agriville.qa.testcases.LatestPostTest -->
