<?xml version="1.0" encoding="UTF-8"?>
<!-- Generated by org.testng.reporters.JUnitReportReporter -->
<testsuite skipped="0" hostname="PUNE-JEEVANK-DT" name="com.agriville.qa.testcases.memberListTest" tests="1" failures="0" timestamp="2019-12-18T15:33:45 IST" time="51.853" errors="0">
  <testcase name="verifySortPostsFrmPersonalMsgDsc" time="51.853" classname="com.agriville.qa.testcases.memberListTest"/>
</testsuite> <!-- com.agriville.qa.testcases.memberListTest -->
