<?xml version="1.0" encoding="UTF-8"?>
<!-- Generated by org.testng.reporters.JUnitReportReporter -->
<testsuite skipped="0" hostname="PUNE-JEEVANK-DT" name="com.agriville.qa.testcases.memberListTest" tests="14" failures="0" timestamp="2019-12-18T16:13:11 IST" time="562.714" errors="0">
  <testcase name="verifyNavigationToListFromHP" time="42.494" classname="com.agriville.qa.testcases.memberListTest"/>
  <testcase name="verifyNavigationToListFromPersonalMsg" time="29.388" classname="com.agriville.qa.testcases.memberListTest"/>
  <testcase name="verifyMemberListPageFrmHP" time="36.501" classname="com.agriville.qa.testcases.memberListTest"/>
  <testcase name="verifyMemberListPageFrmPersonalMsg" time="42.570" classname="com.agriville.qa.testcases.memberListTest"/>
  <testcase name="verifyForumFromHP" time="31.980" classname="com.agriville.qa.testcases.memberListTest"/>
  <testcase name="verifyForumFrmPersonalMsg" time="40.335" classname="com.agriville.qa.testcases.memberListTest"/>
  <testcase name="verifySortUserNameFrmUserNameAsc" time="46.417" classname="com.agriville.qa.testcases.memberListTest"/>
  <testcase name="verifySortUserNameFrmUserNameDsc" time="37.108" classname="com.agriville.qa.testcases.memberListTest"/>
  <testcase name="verifySortUserNameFrmPersonalMsgAsc" time="36.762" classname="com.agriville.qa.testcases.memberListTest"/>
  <testcase name="verifySortUserNameFrmPersonalMsgDsc" time="41.566" classname="com.agriville.qa.testcases.memberListTest"/>
  <testcase name="verifySortPostFrmUserNameAsc" time="40.021" classname="com.agriville.qa.testcases.memberListTest"/>
  <testcase name="verifySortPostFrmUserNameDsc" time="32.532" classname="com.agriville.qa.testcases.memberListTest"/>
  <testcase name="verifySortPostFrmPersonalMsgAsc" time="61.616" classname="com.agriville.qa.testcases.memberListTest"/>
  <testcase name="verifySortPostsFrmPersonalMsgDsc" time="43.424" classname="com.agriville.qa.testcases.memberListTest"/>
</testsuite> <!-- com.agriville.qa.testcases.memberListTest -->
