<?xml version="1.0" encoding="UTF-8"?>
<!-- Generated by org.testng.reporters.JUnitReportReporter -->
<testsuite skipped="0" hostname="PUNE-JEEVANK-DT" name="com.agriville.qa.testcases.manageMessagesTest" tests="1" failures="0" timestamp="2020-02-04T17:54:43 IST" time="69.925" errors="0">
  <testcase name="verifyFirstPreiviewBtnFrmPersonalMsg" time="69.925" classname="com.agriville.qa.testcases.manageMessagesTest"/>
</testsuite> <!-- com.agriville.qa.testcases.manageMessagesTest -->
