<?xml version="1.0" encoding="UTF-8"?>
<!-- Generated by org.testng.reporters.JUnitReportReporter -->
<testsuite skipped="0" hostname="PUNE-JEEVANK-DT" name="com.agriville.qa.testcases.disCategoriesTest" tests="1" failures="0" timestamp="2019-09-19T18:53:58 IST" time="15.790" errors="0">
  <testcase name="verifyShowThreadsBeginningDesc" time="15.790" classname="com.agriville.qa.testcases.disCategoriesTest"/>
</testsuite> <!-- com.agriville.qa.testcases.disCategoriesTest -->
