<?xml version="1.0" encoding="UTF-8"?>
<!-- Generated by org.testng.reporters.JUnitReportReporter -->
<testsuite skipped="0" hostname="PUNE-JEEVANK-DT" name="com.agriville.qa.testcases.LatestPostTest" tests="1" failures="0" timestamp="2019-11-12T19:08:23 IST" time="48.144" errors="0">
  <testcase name="verifyMemberPage" time="48.144" classname="com.agriville.qa.testcases.LatestPostTest"/>
</testsuite> <!-- com.agriville.qa.testcases.LatestPostTest -->
