<?xml version="1.0" encoding="UTF-8"?>
<!-- Generated by org.testng.reporters.JUnitReportReporter -->
<testsuite skipped="15" hostname="PUNE-JEEVANK-DT" name="com.agriville.qa.testcases.registerAgrivilleTest" tests="16" failures="0" timestamp="2019-09-03T16:08:12 IST" time="60.907" errors="0">
  <testcase name="verifyCaptcha" time="0.000" classname="com.agriville.qa.testcases.registerAgrivilleTest">
    <skipped/>
  </testcase> <!-- verifyCaptcha -->
  <testcase name="verifyCaptcha" time="0.002" classname="com.agriville.qa.testcases.registerAgrivilleTest">
    <skipped/>
  </testcase> <!-- verifyCaptcha -->
  <testcase name="verifyCaptcha" time="0.000" classname="com.agriville.qa.testcases.registerAgrivilleTest">
    <skipped/>
  </testcase> <!-- verifyCaptcha -->
  <testcase name="verifyCaptcha" time="60.888" classname="com.agriville.qa.testcases.registerAgrivilleTest"/>
  <testcase name="verifyCaptcha" time="0.001" classname="com.agriville.qa.testcases.registerAgrivilleTest">
    <skipped/>
  </testcase> <!-- verifyCaptcha -->
  <testcase name="verifyCaptcha" time="0.000" classname="com.agriville.qa.testcases.registerAgrivilleTest">
    <skipped/>
  </testcase> <!-- verifyCaptcha -->
  <testcase name="verifyCaptcha" time="0.001" classname="com.agriville.qa.testcases.registerAgrivilleTest">
    <skipped/>
  </testcase> <!-- verifyCaptcha -->
  <testcase name="verifyCaptcha" time="0.001" classname="com.agriville.qa.testcases.registerAgrivilleTest">
    <skipped/>
  </testcase> <!-- verifyCaptcha -->
  <testcase name="verifyCaptcha" time="0.007" classname="com.agriville.qa.testcases.registerAgrivilleTest">
    <skipped/>
  </testcase> <!-- verifyCaptcha -->
  <testcase name="verifyCaptcha" time="0.001" classname="com.agriville.qa.testcases.registerAgrivilleTest">
    <skipped/>
  </testcase> <!-- verifyCaptcha -->
  <testcase name="verifyCaptcha" time="0.001" classname="com.agriville.qa.testcases.registerAgrivilleTest">
    <skipped/>
  </testcase> <!-- verifyCaptcha -->
  <testcase name="verifyCaptcha" time="0.001" classname="com.agriville.qa.testcases.registerAgrivilleTest">
    <skipped/>
  </testcase> <!-- verifyCaptcha -->
  <testcase name="verifyCaptcha" time="0.001" classname="com.agriville.qa.testcases.registerAgrivilleTest">
    <skipped/>
  </testcase> <!-- verifyCaptcha -->
  <testcase name="verifyCaptcha" time="0.001" classname="com.agriville.qa.testcases.registerAgrivilleTest">
    <skipped/>
  </testcase> <!-- verifyCaptcha -->
  <testcase name="verifyCaptcha" time="0.001" classname="com.agriville.qa.testcases.registerAgrivilleTest">
    <skipped/>
  </testcase> <!-- verifyCaptcha -->
  <testcase name="verifyCaptcha" time="0.001" classname="com.agriville.qa.testcases.registerAgrivilleTest">
    <skipped/>
  </testcase> <!-- verifyCaptcha -->
</testsuite> <!-- com.agriville.qa.testcases.registerAgrivilleTest -->
