<?xml version="1.0" encoding="UTF-8"?>
<!-- Generated by org.testng.reporters.JUnitReportReporter -->
<testsuite skipped="0" hostname="PUNE-JEEVANK-DT" name="com.agriville.qa.testcases.memberProfileTest" tests="1" failures="0" timestamp="2019-11-29T18:34:16 IST" time="74.215" errors="0">
  <testcase name="verifyMemberProfilePageThreadDetails_View" time="74.215" classname="com.agriville.qa.testcases.memberProfileTest"/>
</testsuite> <!-- com.agriville.qa.testcases.memberProfileTest -->
