<?xml version="1.0" encoding="UTF-8"?>
<!-- Generated by org.testng.reporters.JUnitReportReporter -->
<testsuite skipped="0" hostname="PUNE-JEEVANK-DT" name="com.agriville.qa.testcases.homePageAgrivilleTest" tests="1" failures="0" timestamp="2019-09-10T17:34:51 IST" time="7.729" errors="0">
  <testcase name="verifyBtmAgrivilleLogo" time="7.729" classname="com.agriville.qa.testcases.homePageAgrivilleTest"/>
</testsuite> <!-- com.agriville.qa.testcases.homePageAgrivilleTest -->
