<?xml version="1.0" encoding="UTF-8"?>
<!-- Generated by org.testng.reporters.JUnitReportReporter -->
<testsuite skipped="0" hostname="PUNE-JEEVANK-DT" name="com.agriville.qa.testcases.disCategoriesTest" tests="1" failures="0" timestamp="2019-09-23T18:14:51 IST" time="27.333" errors="0">
  <testcase name="verifyTopicList" time="27.333" classname="com.agriville.qa.testcases.disCategoriesTest"/>
</testsuite> <!-- com.agriville.qa.testcases.disCategoriesTest -->
